
ROM used:   3258/33788 (10%)
            3258/33788 (10%) including unused fragments

            3.2 Average locations per line
            69.3 Average locations per statement

RAM used:   147/8192 (2%) at main() level
            185/8192 (2%) worst case

Stack size: 128

Lines Stmts  %   Files
----- ----- ---  -----
  115    47 100  main.c
  862     0   0  lib\24FJ48GA002.h
   33     0   0  lib\BL_Support.h
----- -----
 1010    47 Total

Page ROM  %  RAM   Vol Diff  Functions:
---- --- --- ---   --- ----  ----------
0     68   1    8             @DIV3232B
0    134   2   11    53  2.3  findDistanceZ
0    100   2    0             @SI64TOF64
0    264   4    8             @DIVFF64
0    272   4    0             @MULFF64
0     68   1    0             @F64TO48
0     44   1    4             @SFTOI
0     78   1    4             @SDTOF
0    426   7    8             @ADDFF
0    196   3    8             @MULFF
0     64   1    4             @FTOSD
0    102   2   17   142  3.3  printFloat
0    276   4    0             @PRINTFD32_115200_5725_5724
0    196   3    3   289  3.9  TIMER3_isr
0     86   1    0             @F64TOSI64
0    104   2    8             @FLT
0     56   1    2    94  3.1  INT_EXT_INPUT1
0     56   1    2    94  3.1  INT_EXT_INPUT2
0     10   0    0    88  1.7  setupEncoderInterrupt
0     16   0    0    61  1.9  initTimer23
0    134   2    2   219  3.0  MAIN
 Inline         0             @cinit1

Program metrics:
    Functions               8
    Statements              47
    Comments                176
    Volume (V)              1721
    Difficulty (D)          20.3
    Effort to implement (E) 34942
    Time to implement (T)   32 minutes
    Est Delivered Bugs (B)  0
    Cyclomatic Complexity   7
    Maintainability (MI)    156

 Segment     Used  Free
-----------  ----  ----
00000-00BFE     0  3072  
00C00-00C02     4  0  
00C04-00DFA   504  0  
00DFC-083FA  2750  27458  



